<?xml version="1.0" encoding="UTF-8"?>
<!-- Generated by org.testng.reporters.JUnitReportReporter -->
<testsuite skipped="0" hostname="Guneys-MacBook-Pro.local" name="com.herokuapp.internet.CheckBox" tests="1" failures="0" timestamp="2020-02-06T16:23:21 EST" time="10.605" errors="0">
  <testcase name="test1" time="10.605" classname="com.herokuapp.internet.CheckBox"/>
  <system-out/>
</testsuite> <!-- com.herokuapp.internet.CheckBox -->
