<?xml version="1.0" encoding="UTF-8"?>
<!-- Generated by org.testng.reporters.JUnitReportReporter -->
<testsuite skipped="0" hostname="Guneys-MacBook-Pro.local" name="warm_up.AlertPractice" tests="2" failures="0" timestamp="2020-02-12T21:41:22 EST" time="2.157" errors="0">
  <testcase name="test1" time="1.427" classname="warm_up.AlertPractice"/>
  <system-out/>
  <testcase name="test2" time="0.730" classname="warm_up.AlertPractice"/>
  <system-out/>
</testsuite> <!-- warm_up.AlertPractice -->
