<?xml version="1.0" encoding="UTF-8"?>
<!-- Generated by org.testng.reporters.JUnitReportReporter -->
<testsuite skipped="0" hostname="Guneys-MacBook-Pro.local" name="utils.Checkbox" tests="4" failures="0" timestamp="2020-02-06T16:23:46 EST" time="11.045" errors="0">
  <testcase name="checkboxTest1" time="6.731" classname="utils.Checkbox"/>
  <system-out/>
  <testcase name="checkboxTest3" time="2.074" classname="utils.Checkbox"/>
  <system-out/>
  <testcase name="checkboxTest4" time="2.217" classname="utils.Checkbox"/>
  <system-out/>
  <testcase name="checkboxTest2" time="0.023" classname="utils.Checkbox"/>
  <system-out/>
</testsuite> <!-- utils.Checkbox -->
