<?xml version="1.0" encoding="UTF-8"?>
<!-- Generated by org.testng.reporters.JUnitReportReporter -->
<testsuite skipped="0" hostname="Guneys-MacBook-Pro.local" name="com.herokuapp.testleaf.Alert" tests="4" failures="0" timestamp="2020-02-21T12:14:27 EST" time="24.162" errors="0">
  <testcase name="test4" time="5.399" classname="com.herokuapp.testleaf.Alert"/>
  <system-out/>
  <testcase name="login" time="6.187" classname="com.herokuapp.testleaf.Alert"/>
  <system-out/>
  <testcase name="accountPage" time="4.313" classname="com.herokuapp.testleaf.Alert"/>
  <system-out/>
  <testcase name="test3" time="8.263" classname="com.herokuapp.testleaf.Alert"/>
  <system-out/>
</testsuite> <!-- com.herokuapp.testleaf.Alert -->
